0 info it worked if it ends with ok
1 verbose cli [ 'D:\\nodejs\\node.exe',
1 verbose cli   'D:\\nodejs\\node_modules\\npm\\bin\\npm-cli.js',
1 verbose cli   'run',
1 verbose cli   'build' ]
2 info using npm@3.10.10
3 info using node@v6.10.2
4 verbose run-script [ 'prebuild', 'build', 'postbuild' ]
5 info lifecycle socket-adapter@1.0.0~prebuild: socket-adapter@1.0.0
6 silly lifecycle socket-adapter@1.0.0~prebuild: no script for prebuild, continuing
7 info lifecycle socket-adapter@1.0.0~build: socket-adapter@1.0.0
8 verbose lifecycle socket-adapter@1.0.0~build: unsafe-perm in lifecycle true
9 verbose lifecycle socket-adapter@1.0.0~build: PATH: D:\nvm\v6.10.2\node_modules\npm\bin\node-gyp-bin;E:\socket-adapter\node_modules\.bin;C:\ProgramData\Oracle\Java\javapath;C:\Python27\Lib\site-packages\PyQt4;C:\windows\system32;C:\windows;C:\windows\System32\Wbem;C:\windows\System32\WindowsPowerShell\v1.0\;C:\Python27;C:\Program Files\EmEditor;C:\Program Files (x86)\Lua\5.1;C:\Program Files (x86)\Lua\5.1\clibs;C:\Program Files (x86)\QuickTime\QTSystem\;C:\Program Files\TortoiseSVN\bin;C:\Program Files\TortoiseGit\bin;C:\Program Files\PuTTY\;D:\Program Files (x86)\MinGW\bin;D:\nvm;D:\nodejs;C:\Python27\Lib\site-packages\PyQt4;C:\windows\system32;C:\windows;C:\windows\System32\Wbem;C:\windows\System32\WindowsPowerShell\v1.0\;C:\Python27;C:\Program Files\EmEditor;C:\Program Files (x86)\Lua\5.1;C:\Program Files (x86)\Lua\5.1\clibs;C:\Program Files (x86)\QuickTime\QTSystem\;C:\Users\G9176\AppData\Local\Programs\Git\cmd;C:\Users\G9176\AppData\Local\Code\bin;C:\Program Files (x86)\Microsoft VS Code\bin;D:\nvm;D:\nodejs;C:\Users\G9176\AppData\Local\Programs\Fiddler
10 verbose lifecycle socket-adapter@1.0.0~build: CWD: E:\socket-adapter
11 silly lifecycle socket-adapter@1.0.0~build: Args: [ '/d /s /c', 'rimraf ./dist && webpack --progress --color' ]
12 silly lifecycle socket-adapter@1.0.0~build: Returned: code: 2  signal: null
13 info lifecycle socket-adapter@1.0.0~build: Failed to exec build script
14 verbose stack Error: socket-adapter@1.0.0 build: `rimraf ./dist && webpack --progress --color`
14 verbose stack Exit status 2
14 verbose stack     at EventEmitter.<anonymous> (D:\nvm\v6.10.2\node_modules\npm\lib\utils\lifecycle.js:255:16)
14 verbose stack     at emitTwo (events.js:106:13)
14 verbose stack     at EventEmitter.emit (events.js:191:7)
14 verbose stack     at ChildProcess.<anonymous> (D:\nvm\v6.10.2\node_modules\npm\lib\utils\spawn.js:40:14)
14 verbose stack     at emitTwo (events.js:106:13)
14 verbose stack     at ChildProcess.emit (events.js:191:7)
14 verbose stack     at maybeClose (internal/child_process.js:886:16)
14 verbose stack     at Process.ChildProcess._handle.onexit (internal/child_process.js:226:5)
15 verbose pkgid socket-adapter@1.0.0
16 verbose cwd E:\socket-adapter
17 error Windows_NT 6.1.7601
18 error argv "D:\\nodejs\\node.exe" "D:\\nodejs\\node_modules\\npm\\bin\\npm-cli.js" "run" "build"
19 error node v6.10.2
20 error npm  v3.10.10
21 error code ELIFECYCLE
22 error socket-adapter@1.0.0 build: `rimraf ./dist && webpack --progress --color`
22 error Exit status 2
23 error Failed at the socket-adapter@1.0.0 build script 'rimraf ./dist && webpack --progress --color'.
23 error Make sure you have the latest version of node.js and npm installed.
23 error If you do, this is most likely a problem with the socket-adapter package,
23 error not with npm itself.
23 error Tell the author that this fails on your system:
23 error     rimraf ./dist && webpack --progress --color
23 error You can get information on how to open an issue for this project with:
23 error     npm bugs socket-adapter
23 error Or if that isn't available, you can get their info via:
23 error     npm owner ls socket-adapter
23 error There is likely additional logging output above.
24 verbose exit [ 1, true ]
